<?xml version="1.0" encoding="UTF-8"?>
<testng-results ignored="0" total="1" passed="1" failed="0" skipped="0">
  <reporter-output>
  </reporter-output>
  <suite started-at="2025-08-29T15:50:39 IST" name="Default suite" finished-at="2025-08-29T15:51:24 IST" duration-ms="45388">
    <groups>
    </groups>
    <test started-at="2025-08-29T15:50:39 IST" name="Default test" finished-at="2025-08-29T15:51:24 IST" duration-ms="45388">
      <class name="RegistrationPage.TC_01">
        <test-method is-config="true" signature="setupt()[pri:0, instance:RegistrationPage.TC_01@196a42c3]" started-at="2025-08-29T15:50:39 IST" name="setupt" finished-at="2025-08-29T15:50:50 IST" duration-ms="11637" status="PASS">
          <reporter-output>
          </reporter-output>
        </test-method> <!-- setupt -->
        <test-method signature="getRegister()[pri:0, instance:RegistrationPage.TC_01@196a42c3]" started-at="2025-08-29T15:50:50 IST" name="getRegister" finished-at="2025-08-29T15:51:20 IST" duration-ms="29415" status="PASS">
          <reporter-output>
          </reporter-output>
        </test-method> <!-- getRegister -->
        <test-method is-config="true" signature="downApplication()[pri:0, instance:RegistrationPage.TC_01@196a42c3]" started-at="2025-08-29T15:51:20 IST" name="downApplication" finished-at="2025-08-29T15:51:24 IST" duration-ms="4283" status="PASS">
          <reporter-output>
          </reporter-output>
        </test-method> <!-- downApplication -->
      </class> <!-- RegistrationPage.TC_01 -->
    </test> <!-- Default test -->
  </suite> <!-- Default suite -->
</testng-results>
